2011-07-13 18:48:06,342+0530 DEBUG Loader Max heap: 238616576
2011-07-13 18:48:06,344+0530 DEBUG textfiles BEGIN SWIFTSCRIPT:
int array[int][string];

array[1]["a"] = 5;
array[1]["b"] = 10;
array[1]["c"] = 15;
array[1]["d"] = 20;
array[1]["e"] = 25;


foreach v,i in array[1]{
	trace( v, i);
}


2011-07-13 18:48:06,344+0530 DEBUG textfiles END SWIFTSCRIPT:
2011-07-13 18:48:06,344+0530 INFO  Loader foreach4.swift: source file is new. Recompiling.
2011-07-13 18:48:06,501+0530 ERROR VDLt2VDLx Could not compile SwiftScript source: java.util.NoSuchElementException: no such attribute: indexType in template context [foreach]
2011-07-13 18:48:06,502+0530 DEBUG VDLt2VDLx Full parser exception
java.util.NoSuchElementException: no such attribute: indexType in template context [foreach]
	at org.antlr.stringtemplate.StringTemplate.rawSetAttribute(StringTemplate.java:643)
	at org.antlr.stringtemplate.StringTemplate.setAttribute(StringTemplate.java:539)
	at org.globus.swift.parser.SwiftScriptParser.foreachStat(SwiftScriptParser.java:2188)
	at org.globus.swift.parser.SwiftScriptParser.ll1statement(SwiftScriptParser.java:581)
	at org.globus.swift.parser.SwiftScriptParser.topLevelStatement(SwiftScriptParser.java:212)
	at org.globus.swift.parser.SwiftScriptParser.program(SwiftScriptParser.java:121)
	at org.griphyn.vdl.toolkit.VDLt2VDLx.compile(VDLt2VDLx.java:62)
	at org.griphyn.vdl.toolkit.VDLt2VDLx.compile(VDLt2VDLx.java:45)
	at org.griphyn.vdl.karajan.Loader.compile(Loader.java:301)
	at org.griphyn.vdl.karajan.Loader.main(Loader.java:147)
2011-07-13 18:48:06,505+0530 DEBUG Loader Exception when compiling foreach4.swift
org.griphyn.vdl.toolkit.VDLt2VDLx$ParsingException: Could not compile SwiftScript source: no such attribute: indexType in template context [foreach]
	at org.griphyn.vdl.toolkit.VDLt2VDLx.compile(VDLt2VDLx.java:67)
	at org.griphyn.vdl.toolkit.VDLt2VDLx.compile(VDLt2VDLx.java:45)
	at org.griphyn.vdl.karajan.Loader.compile(Loader.java:301)
	at org.griphyn.vdl.karajan.Loader.main(Loader.java:147)
Caused by: java.util.NoSuchElementException: no such attribute: indexType in template context [foreach]
	at org.antlr.stringtemplate.StringTemplate.rawSetAttribute(StringTemplate.java:643)
	at org.antlr.stringtemplate.StringTemplate.setAttribute(StringTemplate.java:539)
	at org.globus.swift.parser.SwiftScriptParser.foreachStat(SwiftScriptParser.java:2188)
	at org.globus.swift.parser.SwiftScriptParser.ll1statement(SwiftScriptParser.java:581)
	at org.globus.swift.parser.SwiftScriptParser.topLevelStatement(SwiftScriptParser.java:212)
	at org.globus.swift.parser.SwiftScriptParser.program(SwiftScriptParser.java:121)
	at org.griphyn.vdl.toolkit.VDLt2VDLx.compile(VDLt2VDLx.java:62)
	... 3 more
